#-----------------------------------------------------------
# Vivado v2024.2 (64-bit)
# SW Build 5239630 on Fri Nov 08 22:34:34 MST 2024
# IP Build 5239520 on Sun Nov 10 16:12:51 MST 2024
# SharedData Build 5239561 on Fri Nov 08 14:39:27 MST 2024
# Start of session at: Sat Feb  1 02:28:35 2025
# Process ID         : 337728
# Current directory  : /home/hakam/Repos/ChaosCore-chipyard/fpga/generated-src/chipyard.fpga.arty100t.Arty100THarness.RV32RocketArty100TConfig
# Command line       : vivado -nojournal -mode batch -source /home/hakam/Repos/ChaosCore-chipyard/fpga/fpga-shells/xilinx/common/tcl/vivado.tcl -tclargs -top-module Arty100THarness -F /home/hakam/Repos/ChaosCore-chipyard/fpga/generated-src/chipyard.fpga.arty100t.Arty100THarness.RV32RocketArty100TConfig/chipyard.fpga.arty100t.Arty100THarness.RV32RocketArty100TConfig.vsrcs.f -board arty_a7_100 -ip-vivado-tcls /home/hakam/Repos/ChaosCore-chipyard/fpga/generated-src/chipyard.fpga.arty100t.Arty100THarness.RV32RocketArty100TConfig/chipyard.fpga.arty100t.Arty100THarness.RV32RocketArty100TConfig.arty100tmig.vivado.tcl /home/hakam/Repos/ChaosCore-chipyard/fpga/generated-src/chipyard.fpga.arty100t.Arty100THarness.RV32RocketArty100TConfig/chipyard.fpga.arty100t.Arty100THarness.RV32RocketArty100TConfig.shell.vivado.tcl /home/hakam/Repos/ChaosCore-chipyard/fpga/generated-src/chipyard.fpga.arty100t.Arty100THarness.RV32RocketArty100TConfig/chipyard.fpga.arty100t.Arty100THarness.RV32RocketArty100TConfig.harnessSysPLLNode.vivado.tcl
# Log file           : /home/hakam/Repos/ChaosCore-chipyard/fpga/generated-src/chipyard.fpga.arty100t.Arty100THarness.RV32RocketArty100TConfig/vivado.log
# Journal file       : 
# Running On         : hakam-MS-7D46
# Platform           : Ubuntu
# Operating System   : Ubuntu 24.04.1 LTS
# Processor Detail   : 12th Gen Intel(R) Core(TM) i7-12700KF
# CPU Frequency      : 814.052 MHz
# CPU Physical cores : 12
# CPU Logical cores  : 20
# Host memory        : 16617 MB
# Swap memory        : 4294 MB
# Total Virtual      : 20912 MB
# Available Virtual  : 14761 MB
#-----------------------------------------------------------
source /home/hakam/Repos/ChaosCore-chipyard/fpga/fpga-shells/xilinx/common/tcl/vivado.tcl
# set scriptdir [file dirname [info script]]
# source [file join $scriptdir "prologue.tcl"]
## set ip_vivado_tcls {}
## while {[llength $argv]} {
##   set argv [lassign $argv[set argv {}] flag]
##   switch -glob $flag {
##     -top-module {
##       set argv [lassign $argv[set argv {}] top]
##     }
##     -F {
##       # This should be a simple file format with one filepath per line
##       set argv [lassign $argv[set argv {}] vsrc_manifest]
##     }
##     -board {
##       set argv [lassign $argv[set argv {}] board]
##     }
##     -ip-vivado-tcls {
##       set argv [lassign $argv[set argv {}] ip_vivado_tcls]
##     }
##     -pre-impl-debug-tcl {
##       set argv [lassign $argv[set argv {}] pre_impl_debug_tcl]
##     }
##     -post-impl-debug-tcl {
##       set argv [lassign $argv[set argv {}] post_impl_debug_tcl]
##     }
##     -env-var-srcs {
##       set argv [lassign $argv[set argv {}] env_var_srcs]
##     }
##     default {
##       return -code error [list {unknown option} $flag]
##     }
##   }
## }
## if {![info exists top]} {
##   return -code error [list {--top-module option is required}]
## }
## if {![info exists vsrc_manifest]} {
##   return -code error [list {-F option is required}]
## }
## if {![info exists board]} {
##   return -code error [list {--board option is required}]
## }
## set commondir [file dirname $scriptdir]
## set boarddir [file join [file dirname $commondir] $board]
## source [file join $boarddir tcl board.tcl]
### set name {arty-a7-100}
### set part_fpga {xc7a100ticsg324-1L}
### set part_board {digilentinc.com:arty-a7-100:part0:1.1}
### set bootrom_inst {rom}
## set constraintsdir [file join $boarddir constraints]
## set srcdir [file join $commondir vsrc]
## set wrkdir [file join [pwd] obj]
## set ipdir [file join $wrkdir ip]
## create_project -part $part_fpga -force $top
INFO: [Common 17-41] Interrupt caught. Command should exit soon.
INFO: [Common 17-344] 'source' was cancelled
INFO: [Common 17-206] Exiting Vivado at Sat Feb  1 02:28:40 2025...
